
  .   ____          _            __ _ _
 /\\ / ___'_ __ _ _(_)_ __  __ _ \ \ \ \
( ( )\___ | '_ | '_| | '_ \/ _` | \ \ \ \
 \\/  ___)| |_)| | | | | || (_| |  ) ) ) )
  '  |____| .__|_| |_|_| |_\__, | / / / /
 =========|_|==============|___/=/_/_/_/

 :: Spring Boot ::                (v4.1.0)

2026-06-13T15:00:40.012-05:00  INFO 314402 --- [habit-journal-api] [           main] c.h.h.HabitJournalApiApplication         : Starting HabitJournalApiApplication v0.0.1-SNAPSHOT using Java 25.0.3 with PID 314402 (/home/dsikorp/Documents/DocumentsLinux/Code/Java/Spring Boot De MVC a Hexagonal/habit-journal-api/target/habit-journal-api-0.0.1-SNAPSHOT.jar started by dsikorp in /home/dsikorp/Documents/DocumentsLinux/Code/Java/Spring Boot De MVC a Hexagonal/habit-journal-api)
2026-06-13T15:00:40.018-05:00  INFO 314402 --- [habit-journal-api] [           main] c.h.h.HabitJournalApiApplication         : The following 1 profile is active: "dev"
2026-06-13T15:00:41.520-05:00  INFO 314402 --- [habit-journal-api] [           main] .s.d.r.c.RepositoryConfigurationDelegate : Bootstrapping Spring Data JPA repositories in DEFAULT mode.
2026-06-13T15:00:41.606-05:00  INFO 314402 --- [habit-journal-api] [           main] .s.d.r.c.RepositoryConfigurationDelegate : Finished Spring Data repository scanning in 70 ms. Found 1 JPA repository interface.
2026-06-13T15:00:43.224-05:00  INFO 314402 --- [habit-journal-api] [           main] o.s.boot.tomcat.TomcatWebServer          : Tomcat initialized with port 8080 (http)
2026-06-13T15:00:43.285-05:00  INFO 314402 --- [habit-journal-api] [           main] o.apache.catalina.core.StandardService   : Starting service [Tomcat]
2026-06-13T15:00:43.286-05:00  INFO 314402 --- [habit-journal-api] [           main] o.apache.catalina.core.StandardEngine    : Starting Servlet engine: [Apache Tomcat/11.0.22]
2026-06-13T15:00:43.407-05:00  INFO 314402 --- [habit-journal-api] [           main] b.w.c.s.WebApplicationContextInitializer : Root WebApplicationContext: initialization completed in 3310 ms
2026-06-13T15:00:45.162-05:00  INFO 314402 --- [habit-journal-api] [           main] com.zaxxer.hikari.HikariDataSource       : HikariPool-1 - Starting...
2026-06-13T15:00:46.922-05:00  INFO 314402 --- [habit-journal-api] [           main] com.zaxxer.hikari.pool.HikariPool        : HikariPool-1 - Added connection conn0: url=jdbc:h2:mem:testdb user=SA
2026-06-13T15:00:46.929-05:00  INFO 314402 --- [habit-journal-api] [           main] com.zaxxer.hikari.HikariDataSource       : HikariPool-1 - Start completed.
2026-06-13T15:00:47.129-05:00  INFO 314402 --- [habit-journal-api] [           main] org.hibernate.orm.jpa                    : HHH008540: Processing PersistenceUnitInfo [name: default]
2026-06-13T15:00:47.571-05:00  INFO 314402 --- [habit-journal-api] [           main] org.hibernate.orm.core                   : HHH000001: Hibernate ORM core version 7.4.1.Final
2026-06-13T15:00:50.097-05:00  INFO 314402 --- [habit-journal-api] [           main] o.s.o.j.p.SpringPersistenceUnitInfo      : No LoadTimeWeaver setup: ignoring JPA class transformer
2026-06-13T15:00:50.272-05:00  WARN 314402 --- [habit-journal-api] [           main] org.hibernate.orm.deprecation            : HHH90000025: H2Dialect does not need to be specified explicitly using 'hibernate.dialect' (remove the property setting and it will be selected by default)
2026-06-13T15:00:50.338-05:00  INFO 314402 --- [habit-journal-api] [           main] org.hibernate.orm.connections.pooling    : HHH10001005: Database info:
	Database JDBC URL [jdbc:h2:mem:testdb]
	Database driver: H2 JDBC Driver
	Database dialect: H2Dialect
	Database version: 2.4.240
	Default catalog/schema: TESTDB/PUBLIC
	Autocommit mode: undefined/unknown
	Isolation level: READ_COMMITTED [default READ_COMMITTED]
	JDBC fetch size: 100
	Pool: DataSourceConnectionProvider
	Minimum pool size: undefined/unknown
	Maximum pool size: undefined/unknown
2026-06-13T15:00:53.540-05:00  INFO 314402 --- [habit-journal-api] [           main] org.hibernate.orm.core                   : HHH000489: No JTA platform available (set 'hibernate.transaction.jta.platform' to enable JTA platform integration)
2026-06-13T15:00:53.696-05:00  INFO 314402 --- [habit-journal-api] [           main] j.LocalContainerEntityManagerFactoryBean : Initialized JPA EntityManagerFactory for persistence unit 'default'
2026-06-13T15:00:54.000-05:00  INFO 314402 --- [habit-journal-api] [           main] o.s.d.j.r.query.QueryEnhancerFactories   : Hibernate is in classpath; If applicable, HQL parser will be used.
2026-06-13T15:00:57.588-05:00  WARN 314402 --- [habit-journal-api] [           main] JpaBaseConfiguration$JpaWebConfiguration : spring.jpa.open-in-view is enabled by default. Therefore, database queries may be performed during view rendering. Explicitly configure spring.jpa.open-in-view to disable this warning
2026-06-13T15:00:57.812-05:00  INFO 314402 --- [habit-journal-api] [           main] o.s.v.b.OptionalValidatorFactoryBean     : Failed to set up a Bean Validation provider: jakarta.validation.NoProviderFoundException: Unable to create a Configuration, because no Jakarta Validation provider could be found. Add a provider like Hibernate Validator (RI) to your classpath.
2026-06-13T15:01:00.617-05:00  INFO 314402 --- [habit-journal-api] [           main] o.s.b.h.a.H2ConsoleAutoConfiguration     : H2 console available at '/h2-console'. Database available at 'jdbc:h2:mem:testdb'
2026-06-13T15:01:00.929-05:00  INFO 314402 --- [habit-journal-api] [           main] o.s.boot.tomcat.TomcatWebServer          : Tomcat started on port 8080 (http) with context path '/habit-journal/api'
2026-06-13T15:01:01.029-05:00  INFO 314402 --- [habit-journal-api] [           main] c.h.h.HabitJournalApiApplication         : Started HabitJournalApiApplication in 21.628 seconds (process running for 22.493)
2026-06-13T15:02:16.173-05:00  INFO 314402 --- [habit-journal-api] [omcat-handler-0] o.a.c.c.C.[.[.[/habit-journal/api]       : Initializing Spring DispatcherServlet 'dispatcherServlet'
2026-06-13T15:02:16.174-05:00  INFO 314402 --- [habit-journal-api] [omcat-handler-0] o.s.web.servlet.DispatcherServlet        : Initializing Servlet 'dispatcherServlet'
2026-06-13T15:02:16.176-05:00  INFO 314402 --- [habit-journal-api] [omcat-handler-0] o.s.web.servlet.DispatcherServlet        : Completed initialization in 2 ms
Saved DB
logDates []
habitRepository.findAllWithLogs(): []
habitRepository.findAllWithLogs(): []
Saved DB
logDates []
habitRepository.findAllWithLogs(): []
